c:\users\s181205\desktop\ai behaviours\ai behaviours\temp\project2d\x64\debug\vc141.pdb
c:\users\s181205\desktop\ai behaviours\ai behaviours\temp\project2d\x64\debug\vc141.idb
c:\users\s181205\desktop\ai behaviours\ai behaviours\temp\project2d\x64\debug\agent.obj
c:\users\s181205\desktop\ai behaviours\ai behaviours\temp\project2d\x64\debug\application2d.obj
c:\users\s181205\desktop\ai behaviours\ai behaviours\temp\project2d\x64\debug\avoidbehaviour.obj
c:\users\s181205\desktop\ai behaviours\ai behaviours\temp\project2d\x64\debug\basebehaviour.obj
c:\users\s181205\desktop\ai behaviours\ai behaviours\temp\project2d\x64\debug\duck.obj
c:\users\s181205\desktop\ai behaviours\ai behaviours\temp\project2d\x64\debug\fleebehaviour.obj
c:\users\s181205\desktop\ai behaviours\ai behaviours\temp\project2d\x64\debug\gameobject.obj
c:\users\s181205\desktop\ai behaviours\ai behaviours\temp\project2d\x64\debug\main.obj
c:\users\s181205\desktop\ai behaviours\ai behaviours\temp\project2d\x64\debug\seekbehaviour.obj
c:\users\s181205\desktop\ai behaviours\ai behaviours\temp\project2d\x64\debug\wanderbehaviour.obj
c:\users\s181205\desktop\ai behaviours\ai behaviours\temp\project2d\x64\debug\grid.obj
c:\users\s181205\desktop\ai behaviours\ai behaviours\temp\project2d\x64\debug\project2d.exe
c:\users\s181205\desktop\ai behaviours\ai behaviours\temp\project2d\x64\debug\project2d.ilk
c:\users\s181205\desktop\ai behaviours\ai behaviours\temp\project2d\x64\debug\project2d.pdb
c:\users\s181205\desktop\ai behaviours\ai behaviours\temp\project2d\x64\debug\project2d.tlog\cl.command.1.tlog
c:\users\s181205\desktop\ai behaviours\ai behaviours\temp\project2d\x64\debug\project2d.tlog\cl.read.1.tlog
c:\users\s181205\desktop\ai behaviours\ai behaviours\temp\project2d\x64\debug\project2d.tlog\cl.write.1.tlog
c:\users\s181205\desktop\ai behaviours\ai behaviours\temp\project2d\x64\debug\project2d.tlog\link.command.1.tlog
c:\users\s181205\desktop\ai behaviours\ai behaviours\temp\project2d\x64\debug\project2d.tlog\link.read.1.tlog
c:\users\s181205\desktop\ai behaviours\ai behaviours\temp\project2d\x64\debug\project2d.tlog\link.write.1.tlog
